<?xml version="1.0" encoding="UTF-8"?>
<!-- Generated by org.testng.reporters.JUnitReportReporter -->
<testsuite hostname="SL1-L0016" failures="0" tests="1" name="NewTest" time="15.484" errors="0" timestamp="2021-10-20T16:41:21 IST" skipped="0">
  <testcase classname="NewTest" name="f" time="15.484"/>
  <system-out/>
</testsuite> <!-- NewTest -->
