<?xml version="1.0" encoding="UTF-8"?>
<!-- Generated by org.testng.reporters.JUnitReportReporter -->
<testsuite hostname="SL1-L0016" failures="0" tests="7" name="Challanges.DataProv" time="0.021" errors="0" timestamp="2021-10-25T20:40:33 IST" skipped="0">
  <testcase classname="Challanges.DataProv" name="Test1" time="0.002"/>
  <system-out/>
  <testcase classname="Challanges.DataProv" name="Test" time="0.007"/>
  <system-out/>
  <testcase classname="Challanges.DataProv" name="Test1" time="0.005"/>
  <system-out/>
  <testcase classname="Challanges.DataProv" name="Test" time="0.002"/>
  <system-out/>
  <testcase classname="Challanges.DataProv" name="Test" time="0.001"/>
  <system-out/>
  <testcase classname="Challanges.DataProv" name="Test1" time="0.001"/>
  <system-out/>
  <testcase classname="Challanges.DataProv" name="Test" time="0.003"/>
  <system-out/>
</testsuite> <!-- Challanges.DataProv -->
